{"/home/alexandre/projects/red-ventures/front-end-test/src/App.ts": {"path":"/home/alexandre/projects/red-ventures/front-end-test/src/App.ts","statementMap":{"0":{"start":{"line":1,"column":0},"end":{"line":1,"column":40}},"1":{"start":{"line":2,"column":0},"end":{"line":2,"column":38}},"2":{"start":{"line":3,"column":0},"end":{"line":3,"column":28}},"3":{"start":{"line":5,"column":0},"end":{"line":5,"column":30}},"4":{"start":{"line":7,"column":12},"end":{"line":17,"column":1}},"5":{"start":{"line":8,"column":15},"end":{"line":8,"column":44}},"6":{"start":{"line":9,"column":2},"end":{"line":9,"column":19}},"7":{"start":{"line":10,"column":2},"end":{"line":10,"column":30}},"8":{"start":{"line":13,"column":2},"end":{"line":13,"column":27}},"9":{"start":{"line":16,"column":2},"end":{"line":16,"column":35}},"10":{"start":{"line":19,"column":0},"end":{"line":19,"column":19}}},"fnMap":{"0":{"name":"(anonymous_1)","decl":{"start":{"line":7,"column":12},"end":{"line":7,"column":15}},"loc":{"start":{"line":7,"column":17},"end":{"line":17,"column":1}}}},"branchMap":{},"s":{"0":1,"1":1,"2":1,"3":1,"4":1,"5":2,"6":2,"7":2,"8":2,"9":2,"10":1},"f":{"0":2},"b":{}}
,"/home/alexandre/projects/red-ventures/front-end-test/src/components/Filter/index.ts": {"path":"/home/alexandre/projects/red-ventures/front-end-test/src/components/Filter/index.ts","statementMap":{"0":{"start":{"line":1,"column":0},"end":{"line":1,"column":44}},"1":{"start":{"line":2,"column":0},"end":{"line":2,"column":32}},"2":{"start":{"line":3,"column":0},"end":{"line":3,"column":52}},"3":{"start":{"line":5,"column":0},"end":{"line":5,"column":22}},"4":{"start":{"line":28,"column":4},"end":{"line":28,"column":12}},"5":{"start":{"line":30,"column":4},"end":{"line":30,"column":27}},"6":{"start":{"line":31,"column":4},"end":{"line":31,"column":35}},"7":{"start":{"line":32,"column":4},"end":{"line":32,"column":29}},"8":{"start":{"line":33,"column":4},"end":{"line":33,"column":29}},"9":{"start":{"line":34,"column":4},"end":{"line":34,"column":33}},"10":{"start":{"line":38,"column":21},"end":{"line":38,"column":61}},"11":{"start":{"line":39,"column":20},"end":{"line":39,"column":58}},"12":{"start":{"line":42,"column":28},"end":{"line":42,"column":79}},"13":{"start":{"line":43,"column":23},"end":{"line":43,"column":71}},"14":{"start":{"line":44,"column":24},"end":{"line":44,"column":71}},"15":{"start":{"line":45,"column":24},"end":{"line":45,"column":76}},"16":{"start":{"line":47,"column":29},"end":{"line":50,"column":5}},"17":{"start":{"line":48,"column":6},"end":{"line":48,"column":49}},"18":{"start":{"line":49,"column":6},"end":{"line":49,"column":44}},"19":{"start":{"line":53,"column":4},"end":{"line":53,"column":61}},"20":{"start":{"line":56,"column":4},"end":{"line":72,"column":6}},"21":{"start":{"line":58,"column":8},"end":{"line":70,"column":11}},"22":{"start":{"line":59,"column":28},"end":{"line":59,"column":60}},"23":{"start":{"line":60,"column":25},"end":{"line":60,"column":52}},"24":{"start":{"line":62,"column":10},"end":{"line":62,"column":43}},"25":{"start":{"line":64,"column":10},"end":{"line":67,"column":13}},"26":{"start":{"line":69,"column":10},"end":{"line":69,"column":29}},"27":{"start":{"line":75,"column":4},"end":{"line":91,"column":7}},"28":{"start":{"line":77,"column":6},"end":{"line":79,"column":null}},"29":{"start":{"line":78,"column":8},"end":{"line":78,"column":15}},"30":{"start":{"line":81,"column":26},"end":{"line":81,"column":51}},"31":{"start":{"line":83,"column":6},"end":{"line":86,"column":null}},"32":{"start":{"line":85,"column":8},"end":{"line":85,"column":15}},"33":{"start":{"line":89,"column":6},"end":{"line":89,"column":25}},"34":{"start":{"line":90,"column":6},"end":{"line":90,"column":34}},"35":{"start":{"line":95,"column":4},"end":{"line":155,"column":6}},"36":{"start":{"line":139,"column":26},"end":{"line":149,"column":null}},"37":{"start":{"line":159,"column":0},"end":{"line":159,"column":22}}},"fnMap":{"0":{"name":"(anonymous_1)","decl":{"start":{"line":27,"column":2},"end":{"line":27,"column":14}},"loc":{"start":{"line":27,"column":32},"end":{"line":35,"column":3}}},"1":{"name":"(anonymous_2)","decl":{"start":{"line":37,"column":2},"end":{"line":37,"column":8}},"loc":{"start":{"line":37,"column":8},"end":{"line":92,"column":3}}},"2":{"name":"(anonymous_3)","decl":{"start":{"line":47,"column":29},"end":{"line":47,"column":32}},"loc":{"start":{"line":47,"column":34},"end":{"line":50,"column":5}}},"3":{"name":"(anonymous_4)","decl":{"start":{"line":57,"column":6},"end":{"line":57,"column":7}},"loc":{"start":{"line":57,"column":26},"end":{"line":71,"column":7}}},"4":{"name":"(anonymous_5)","decl":{"start":{"line":58,"column":40},"end":{"line":58,"column":45}},"loc":{"start":{"line":58,"column":48},"end":{"line":70,"column":9}}},"5":{"name":"(anonymous_6)","decl":{"start":{"line":75,"column":39},"end":{"line":75,"column":42}},"loc":{"start":{"line":75,"column":45},"end":{"line":91,"column":5}}},"6":{"name":"(anonymous_7)","decl":{"start":{"line":94,"column":2},"end":{"line":94,"column":8}},"loc":{"start":{"line":94,"column":8},"end":{"line":156,"column":3}}},"7":{"name":"(anonymous_8)","decl":{"start":{"line":139,"column":16},"end":{"line":139,"column":22}},"loc":{"start":{"line":139,"column":26},"end":{"line":149,"column":null}}}},"branchMap":{"0":{"loc":{"start":{"line":77,"column":6},"end":{"line":79,"column":null}},"type":"if","locations":[{"start":{"line":77,"column":6},"end":{"line":79,"column":null}},{"start":{"line":77,"column":6},"end":{"line":79,"column":null}}]},"1":{"loc":{"start":{"line":83,"column":6},"end":{"line":86,"column":null}},"type":"if","locations":[{"start":{"line":83,"column":6},"end":{"line":86,"column":null}},{"start":{"line":83,"column":6},"end":{"line":86,"column":null}}]}},"s":{"0":3,"1":3,"2":3,"3":3,"4":43,"5":43,"6":43,"7":43,"8":43,"9":43,"10":10,"11":10,"12":10,"13":10,"14":10,"15":10,"16":10,"17":5,"18":5,"19":10,"20":10,"21":28,"22":1,"23":1,"24":1,"25":1,"26":1,"27":10,"28":14,"29":11,"30":3,"31":3,"32":1,"33":2,"34":2,"35":43,"36":116,"37":3},"f":{"0":43,"1":10,"2":5,"3":28,"4":1,"5":14,"6":43,"7":116},"b":{"0":[11,3],"1":[1,2]}}
,"/home/alexandre/projects/red-ventures/front-end-test/src/components/GridItem/index.ts": {"path":"/home/alexandre/projects/red-ventures/front-end-test/src/components/GridItem/index.ts","statementMap":{"0":{"start":{"line":1,"column":0},"end":{"line":1,"column":44}},"1":{"start":{"line":4,"column":0},"end":{"line":4,"column":64}},"2":{"start":{"line":5,"column":0},"end":{"line":5,"column":62}},"3":{"start":{"line":6,"column":0},"end":{"line":6,"column":60}},"4":{"start":{"line":7,"column":0},"end":{"line":7,"column":66}},"5":{"start":{"line":8,"column":0},"end":{"line":8,"column":70}},"6":{"start":{"line":9,"column":0},"end":{"line":9,"column":66}},"7":{"start":{"line":10,"column":0},"end":{"line":10,"column":66}},"8":{"start":{"line":11,"column":0},"end":{"line":11,"column":65}},"9":{"start":{"line":13,"column":0},"end":{"line":13,"column":22}},"10":{"start":{"line":15,"column":17},"end":{"line":24,"column":2}},"11":{"start":{"line":38,"column":4},"end":{"line":38,"column":12}},"12":{"start":{"line":40,"column":4},"end":{"line":40,"column":27}},"13":{"start":{"line":41,"column":4},"end":{"line":41,"column":25}},"14":{"start":{"line":42,"column":4},"end":{"line":42,"column":29}},"15":{"start":{"line":43,"column":4},"end":{"line":43,"column":25}},"16":{"start":{"line":44,"column":4},"end":{"line":44,"column":29}},"17":{"start":{"line":45,"column":4},"end":{"line":45,"column":35}},"18":{"start":{"line":46,"column":4},"end":{"line":46,"column":47}},"19":{"start":{"line":50,"column":4},"end":{"line":72,"column":6}},"20":{"start":{"line":76,"column":0},"end":{"line":76,"column":24}}},"fnMap":{"0":{"name":"(anonymous_1)","decl":{"start":{"line":37,"column":2},"end":{"line":37,"column":14}},"loc":{"start":{"line":37,"column":34},"end":{"line":47,"column":3}}},"1":{"name":"(anonymous_2)","decl":{"start":{"line":49,"column":2},"end":{"line":49,"column":8}},"loc":{"start":{"line":49,"column":8},"end":{"line":73,"column":3}}}},"branchMap":{"0":{"loc":{"start":{"line":51,"column":51},"end":{"line":51,"column":68}},"type":"cond-expr","locations":[{"start":{"line":51,"column":51},"end":{"line":51,"column":68}},{"start":{"line":51,"column":71},"end":{"line":51,"column":73}}]}},"s":{"0":3,"1":3,"2":3,"3":3,"4":3,"5":3,"6":3,"7":3,"8":3,"9":3,"10":3,"11":3,"12":3,"13":3,"14":3,"15":3,"16":3,"17":3,"18":3,"19":3,"20":3},"f":{"0":3,"1":3},"b":{"0":[2,1]}}
,"/home/alexandre/projects/red-ventures/front-end-test/src/components/Spinner/index.ts": {"path":"/home/alexandre/projects/red-ventures/front-end-test/src/components/Spinner/index.ts","statementMap":{"0":{"start":{"line":1,"column":0},"end":{"line":1,"column":44}},"1":{"start":{"line":3,"column":0},"end":{"line":3,"column":22}},"2":{"start":{"line":13,"column":4},"end":{"line":13,"column":12}},"3":{"start":{"line":15,"column":4},"end":{"line":15,"column":31}},"4":{"start":{"line":19,"column":4},"end":{"line":21,"column":6}},"5":{"start":{"line":25,"column":0},"end":{"line":25,"column":23}}},"fnMap":{"0":{"name":"(anonymous_1)","decl":{"start":{"line":12,"column":2},"end":{"line":12,"column":14}},"loc":{"start":{"line":12,"column":46},"end":{"line":16,"column":3}}},"1":{"name":"(anonymous_2)","decl":{"start":{"line":18,"column":2},"end":{"line":18,"column":8}},"loc":{"start":{"line":18,"column":8},"end":{"line":22,"column":3}}}},"branchMap":{"0":{"loc":{"start":{"line":12,"column":44},"end":{"line":12,"column":46}},"type":"default-arg","locations":[{"start":{"line":12,"column":44},"end":{"line":12,"column":46}}]},"1":{"loc":{"start":{"line":20,"column":41},"end":{"line":20,"column":45}},"type":"cond-expr","locations":[{"start":{"line":20,"column":41},"end":{"line":20,"column":45}},{"start":{"line":20,"column":45},"end":{"line":20,"column":47}}]},"2":{"loc":{"start":{"line":20,"column":27},"end":{"line":20,"column":45}},"type":"binary-expr","locations":[{"start":{"line":20,"column":27},"end":{"line":20,"column":45}},{"start":{"line":20,"column":41},"end":{"line":20,"column":45}}]}},"s":{"0":3,"1":3,"2":16,"3":16,"4":16,"5":3},"f":{"0":16,"1":16},"b":{"0":[15],"1":[1,15],"2":[16,16]}}
,"/home/alexandre/projects/red-ventures/front-end-test/src/lib/Component.ts": {"path":"/home/alexandre/projects/red-ventures/front-end-test/src/lib/Component.ts","statementMap":{"0":{"start":{"line":2,"column":0},"end":{"line":2,"column":35}},"1":{"start":{"line":3,"column":0},"end":{"line":3,"column":38}},"2":{"start":{"line":20,"column":4},"end":{"line":20,"column":46}},"3":{"start":{"line":21,"column":4},"end":{"line":21,"column":22}},"4":{"start":{"line":24,"column":4},"end":{"line":24,"column":37}},"5":{"start":{"line":34,"column":4},"end":{"line":34,"column":62}},"6":{"start":{"line":34,"column":45},"end":{"line":34,"column":61}},"7":{"start":{"line":38,"column":20},"end":{"line":38,"column":49}},"8":{"start":{"line":39,"column":4},"end":{"line":39,"column":35}},"9":{"start":{"line":40,"column":4},"end":{"line":40,"column":19}},"10":{"start":{"line":44,"column":24},"end":{"line":44,"column":28}},"11":{"start":{"line":46,"column":4},"end":{"line":54,"column":null}},"12":{"start":{"line":48,"column":6},"end":{"line":50,"column":null}},"13":{"start":{"line":49,"column":8},"end":{"line":49,"column":23}},"14":{"start":{"line":53,"column":6},"end":{"line":53,"column":67}},"15":{"start":{"line":56,"column":4},"end":{"line":56,"column":19}},"16":{"start":{"line":60,"column":0},"end":{"line":60,"column":25}}},"fnMap":{"0":{"name":"(anonymous_1)","decl":{"start":{"line":19,"column":2},"end":{"line":19,"column":14}},"loc":{"start":{"line":19,"column":64},"end":{"line":35,"column":3}}},"1":{"name":"(anonymous_2)","decl":{"start":{"line":34,"column":39},"end":{"line":34,"column":42}},"loc":{"start":{"line":34,"column":44},"end":{"line":34,"column":61}}},"2":{"name":"(anonymous_3)","decl":{"start":{"line":37,"column":2},"end":{"line":37,"column":10}},"loc":{"start":{"line":37,"column":10},"end":{"line":41,"column":3}}},"3":{"name":"(anonymous_4)","decl":{"start":{"line":43,"column":2},"end":{"line":43,"column":6}},"loc":{"start":{"line":43,"column":6},"end":{"line":57,"column":3}}}},"branchMap":{"0":{"loc":{"start":{"line":19,"column":62},"end":{"line":19,"column":64}},"type":"default-arg","locations":[{"start":{"line":19,"column":62},"end":{"line":19,"column":64}}]},"1":{"loc":{"start":{"line":19,"column":24},"end":{"line":19,"column":32}},"type":"default-arg","locations":[{"start":{"line":19,"column":24},"end":{"line":19,"column":32}}]},"2":{"loc":{"start":{"line":20,"column":19},"end":{"line":20,"column":26}},"type":"cond-expr","locations":[{"start":{"line":20,"column":19},"end":{"line":20,"column":26}},{"start":{"line":20,"column":30},"end":{"line":20,"column":45}}]},"3":{"loc":{"start":{"line":20,"column":19},"end":{"line":20,"column":30}},"type":"binary-expr","locations":[{"start":{"line":20,"column":19},"end":{"line":20,"column":30}},{"start":{"line":20,"column":19},"end":{"line":20,"column":30}}]},"4":{"loc":{"start":{"line":34,"column":56},"end":{"line":34,"column":60}},"type":"cond-expr","locations":[{"start":{"line":34,"column":56},"end":{"line":34,"column":60}},{"start":{"line":34,"column":56},"end":{"line":34,"column":50}}]},"5":{"loc":{"start":{"line":34,"column":45},"end":{"line":34,"column":60}},"type":"binary-expr","locations":[{"start":{"line":34,"column":45},"end":{"line":34,"column":60}},{"start":{"line":34,"column":56},"end":{"line":34,"column":60}}]},"6":{"loc":{"start":{"line":46,"column":4},"end":{"line":54,"column":null}},"type":"if","locations":[{"start":{"line":46,"column":4},"end":{"line":54,"column":null}},{"start":{"line":46,"column":4},"end":{"line":54,"column":null}}]},"7":{"loc":{"start":{"line":48,"column":6},"end":{"line":50,"column":null}},"type":"if","locations":[{"start":{"line":48,"column":6},"end":{"line":50,"column":null}},{"start":{"line":48,"column":6},"end":{"line":50,"column":null}}]},"8":{"loc":{"start":{"line":53,"column":55},"end":{"line":53,"column":59}},"type":"cond-expr","locations":[{"start":{"line":53,"column":55},"end":{"line":53,"column":59}},{"start":{"line":53,"column":59},"end":{"line":53,"column":66}}]},"9":{"loc":{"start":{"line":53,"column":13},"end":{"line":53,"column":59}},"type":"binary-expr","locations":[{"start":{"line":53,"column":13},"end":{"line":53,"column":59}},{"start":{"line":53,"column":55},"end":{"line":53,"column":59}}]}},"s":{"0":7,"1":7,"2":83,"3":83,"4":83,"5":83,"6":10,"7":82,"8":82,"9":82,"10":10,"11":10,"12":9,"13":1,"14":8,"15":1,"16":7},"f":{"0":83,"1":10,"2":82,"3":10},"b":{"0":[82],"1":[83],"2":[1,82],"3":[83,83],"4":[2,8],"5":[10,10],"6":[9,1],"7":[1,8],"8":[7,1],"9":[8,7]}}
,"/home/alexandre/projects/red-ventures/front-end-test/src/lib/EventListener.ts": {"path":"/home/alexandre/projects/red-ventures/front-end-test/src/lib/EventListener.ts","statementMap":{"0":{"start":{"line":10,"column":4},"end":{"line":10,"column":21}},"1":{"start":{"line":19,"column":4},"end":{"line":21,"column":null}},"2":{"start":{"line":20,"column":6},"end":{"line":20,"column":30}},"3":{"start":{"line":23,"column":4},"end":{"line":23,"column":38}},"4":{"start":{"line":32,"column":4},"end":{"line":34,"column":null}},"5":{"start":{"line":33,"column":6},"end":{"line":33,"column":16}},"6":{"start":{"line":36,"column":4},"end":{"line":36,"column":54}},"7":{"start":{"line":36,"column":40},"end":{"line":36,"column":52}},"8":{"start":{"line":40,"column":0},"end":{"line":40,"column":29}}},"fnMap":{"0":{"name":"(anonymous_0)","decl":{"start":{"line":9,"column":2},"end":{"line":9,"column":null}},"loc":{"start":{"line":9,"column":2},"end":{"line":11,"column":3}}},"1":{"name":"(anonymous_1)","decl":{"start":{"line":18,"column":2},"end":{"line":18,"column":11}},"loc":{"start":{"line":18,"column":58},"end":{"line":24,"column":3}}},"2":{"name":"(anonymous_2)","decl":{"start":{"line":31,"column":2},"end":{"line":31,"column":9}},"loc":{"start":{"line":31,"column":40},"end":{"line":37,"column":3}}},"3":{"name":"(anonymous_3)","decl":{"start":{"line":36,"column":34},"end":{"line":36,"column":36}},"loc":{"start":{"line":36,"column":40},"end":{"line":36,"column":52}}}},"branchMap":{"0":{"loc":{"start":{"line":19,"column":4},"end":{"line":21,"column":null}},"type":"if","locations":[{"start":{"line":19,"column":4},"end":{"line":21,"column":null}},{"start":{"line":19,"column":4},"end":{"line":21,"column":null}}]},"1":{"loc":{"start":{"line":32,"column":4},"end":{"line":34,"column":null}},"type":"if","locations":[{"start":{"line":32,"column":4},"end":{"line":34,"column":null}},{"start":{"line":32,"column":4},"end":{"line":34,"column":null}}]}},"s":{"0":34,"1":100,"2":40,"3":100,"4":62,"5":26,"6":36,"7":45,"8":9},"f":{"0":34,"1":100,"2":62,"3":45},"b":{"0":[40,60],"1":[26,36]}}
,"/home/alexandre/projects/red-ventures/front-end-test/src/lib/utils/render.ts": {"path":"/home/alexandre/projects/red-ventures/front-end-test/src/lib/utils/render.ts","statementMap":{"0":{"start":{"line":3,"column":15},"end":{"line":15,"column":1}},"1":{"start":{"line":7,"column":2},"end":{"line":7,"column":23}},"2":{"start":{"line":9,"column":2},"end":{"line":12,"column":null}},"3":{"start":{"line":10,"column":4},"end":{"line":10,"column":44}},"4":{"start":{"line":11,"column":4},"end":{"line":11,"column":30}},"5":{"start":{"line":14,"column":2},"end":{"line":14,"column":37}},"6":{"start":{"line":17,"column":0},"end":{"line":17,"column":22}}},"fnMap":{"0":{"name":"(anonymous_0)","decl":{"start":{"line":3,"column":15},"end":{"line":3,"column":null}},"loc":{"start":{"line":6,"column":4},"end":{"line":15,"column":1}}}},"branchMap":{"0":{"loc":{"start":{"line":7,"column":18},"end":{"line":7,"column":22}},"type":"cond-expr","locations":[{"start":{"line":7,"column":18},"end":{"line":7,"column":22}},{"start":{"line":7,"column":18},"end":{"line":7,"column":12}}]},"1":{"loc":{"start":{"line":7,"column":2},"end":{"line":7,"column":22}},"type":"binary-expr","locations":[{"start":{"line":7,"column":2},"end":{"line":7,"column":22}},{"start":{"line":7,"column":18},"end":{"line":7,"column":22}}]},"2":{"loc":{"start":{"line":9,"column":2},"end":{"line":12,"column":null}},"type":"if","locations":[{"start":{"line":9,"column":2},"end":{"line":12,"column":null}},{"start":{"line":9,"column":2},"end":{"line":12,"column":null}}]}},"s":{"0":5,"1":75,"2":75,"3":20,"4":20,"5":55,"6":5},"f":{"0":75},"b":{"0":[1,74],"1":[75,75],"2":[20,55]}}
,"/home/alexandre/projects/red-ventures/front-end-test/src/lib/utils/toggle.ts": {"path":"/home/alexandre/projects/red-ventures/front-end-test/src/lib/utils/toggle.ts","statementMap":{"0":{"start":{"line":7,"column":15},"end":{"line":33,"column":1}},"1":{"start":{"line":12,"column":4},"end":{"line":12,"column":78}},"2":{"start":{"line":14,"column":2},"end":{"line":14,"column":23}},"3":{"start":{"line":14,"column":16},"end":{"line":14,"column":23}},"4":{"start":{"line":16,"column":13},"end":{"line":16,"column":54}},"5":{"start":{"line":16,"column":19},"end":{"line":16,"column":54}},"6":{"start":{"line":17,"column":19},"end":{"line":17,"column":61}},"7":{"start":{"line":17,"column":25},"end":{"line":17,"column":61}},"8":{"start":{"line":19,"column":2},"end":{"line":32,"column":null}},"9":{"start":{"line":21,"column":6},"end":{"line":21,"column":18}},"10":{"start":{"line":23,"column":6},"end":{"line":25,"column":null}},"11":{"start":{"line":24,"column":8},"end":{"line":24,"column":20}},"12":{"start":{"line":26,"column":6},"end":{"line":26,"column":13}},"13":{"start":{"line":28,"column":6},"end":{"line":30,"column":null}},"14":{"start":{"line":29,"column":8},"end":{"line":29,"column":20}},"15":{"start":{"line":31,"column":6},"end":{"line":31,"column":13}},"16":{"start":{"line":35,"column":0},"end":{"line":35,"column":22}}},"fnMap":{"0":{"name":"(anonymous_0)","decl":{"start":{"line":7,"column":15},"end":{"line":7,"column":null}},"loc":{"start":{"line":10,"column":25},"end":{"line":33,"column":1}}},"1":{"name":"(anonymous_1)","decl":{"start":{"line":16,"column":13},"end":{"line":16,"column":16}},"loc":{"start":{"line":16,"column":19},"end":{"line":16,"column":54}}},"2":{"name":"(anonymous_2)","decl":{"start":{"line":17,"column":19},"end":{"line":17,"column":22}},"loc":{"start":{"line":17,"column":25},"end":{"line":17,"column":61}}}},"branchMap":{"0":{"loc":{"start":{"line":12,"column":35},"end":{"line":12,"column":67}},"type":"cond-expr","locations":[{"start":{"line":12,"column":35},"end":{"line":12,"column":67}},{"start":{"line":12,"column":70},"end":{"line":12,"column":78}}]},"1":{"loc":{"start":{"line":14,"column":2},"end":{"line":14,"column":23}},"type":"if","locations":[{"start":{"line":14,"column":2},"end":{"line":14,"column":23}},{"start":{"line":14,"column":2},"end":{"line":14,"column":23}}]},"2":{"loc":{"start":{"line":20,"column":4},"end":{"line":21,"column":18}},"type":"switch","locations":[{"start":{"line":20,"column":4},"end":{"line":21,"column":18}},{"start":{"line":22,"column":4},"end":{"line":26,"column":13}},{"start":{"line":27,"column":4},"end":{"line":31,"column":13}}]},"3":{"loc":{"start":{"line":23,"column":6},"end":{"line":25,"column":null}},"type":"if","locations":[{"start":{"line":23,"column":6},"end":{"line":25,"column":null}},{"start":{"line":23,"column":6},"end":{"line":25,"column":null}}]},"4":{"loc":{"start":{"line":28,"column":6},"end":{"line":30,"column":null}},"type":"if","locations":[{"start":{"line":28,"column":6},"end":{"line":30,"column":null}},{"start":{"line":28,"column":6},"end":{"line":30,"column":null}}]}},"s":{"0":3,"1":39,"2":39,"3":1,"4":38,"5":17,"6":38,"7":36,"8":38,"9":2,"10":18,"11":7,"12":11,"13":18,"14":8,"15":10,"16":3},"f":{"0":39,"1":17,"2":36},"b":{"0":[30,9],"1":[1,38],"2":[2,18,18],"3":[7,11],"4":[8,10]}}
,"/home/alexandre/projects/red-ventures/front-end-test/src/pages/Main/filtersData.ts": {"path":"/home/alexandre/projects/red-ventures/front-end-test/src/pages/Main/filtersData.ts","statementMap":{"0":{"start":{"line":2,"column":0},"end":{"line":2,"column":60}},"1":{"start":{"line":3,"column":0},"end":{"line":3,"column":83}},"2":{"start":{"line":4,"column":0},"end":{"line":4,"column":60}},"3":{"start":{"line":6,"column":13},"end":{"line":18,"column":2}},"4":{"start":{"line":20,"column":13},"end":{"line":32,"column":2}},"5":{"start":{"line":34,"column":13},"end":{"line":45,"column":2}}},"fnMap":{},"branchMap":{},"s":{"0":2,"1":2,"2":2,"3":2,"4":2,"5":2},"f":{},"b":{}}
,"/home/alexandre/projects/red-ventures/front-end-test/src/pages/Main/index.ts": {"path":"/home/alexandre/projects/red-ventures/front-end-test/src/pages/Main/index.ts","statementMap":{"0":{"start":{"line":1,"column":0},"end":{"line":1,"column":44}},"1":{"start":{"line":2,"column":0},"end":{"line":2,"column":51}},"2":{"start":{"line":3,"column":0},"end":{"line":3,"column":47}},"3":{"start":{"line":5,"column":0},"end":{"line":5,"column":44}},"4":{"start":{"line":6,"column":0},"end":{"line":6,"column":32}},"5":{"start":{"line":8,"column":0},"end":{"line":8,"column":57}},"6":{"start":{"line":9,"column":0},"end":{"line":9,"column":63}},"7":{"start":{"line":10,"column":0},"end":{"line":10,"column":55}},"8":{"start":{"line":11,"column":0},"end":{"line":11,"column":44}},"9":{"start":{"line":12,"column":0},"end":{"line":12,"column":52}},"10":{"start":{"line":14,"column":0},"end":{"line":14,"column":72}},"11":{"start":{"line":16,"column":0},"end":{"line":16,"column":68}},"12":{"start":{"line":17,"column":0},"end":{"line":17,"column":72}},"13":{"start":{"line":18,"column":0},"end":{"line":18,"column":68}},"14":{"start":{"line":19,"column":0},"end":{"line":19,"column":76}},"15":{"start":{"line":20,"column":0},"end":{"line":20,"column":65}},"16":{"start":{"line":22,"column":0},"end":{"line":22,"column":22}},"17":{"start":{"line":27,"column":4},"end":{"line":27,"column":12}},"18":{"start":{"line":30,"column":4},"end":{"line":30,"column":63}},"19":{"start":{"line":33,"column":4},"end":{"line":33,"column":61}},"20":{"start":{"line":37,"column":24},"end":{"line":37,"column":63}},"21":{"start":{"line":40,"column":26},"end":{"line":40,"column":68}},"22":{"start":{"line":41,"column":4},"end":{"line":44,"column":6}},"23":{"start":{"line":43,"column":12},"end":{"line":43,"column":58}},"24":{"start":{"line":47,"column":25},"end":{"line":47,"column":63}},"25":{"start":{"line":48,"column":4},"end":{"line":51,"column":6}},"26":{"start":{"line":50,"column":12},"end":{"line":50,"column":58}},"27":{"start":{"line":53,"column":4},"end":{"line":58,"column":7}},"28":{"start":{"line":54,"column":6},"end":{"line":56,"column":null}},"29":{"start":{"line":55,"column":8},"end":{"line":55,"column":44}},"30":{"start":{"line":57,"column":6},"end":{"line":57,"column":43}},"31":{"start":{"line":62,"column":4},"end":{"line":64,"column":null}},"32":{"start":{"line":63,"column":6},"end":{"line":63,"column":13}},"33":{"start":{"line":66,"column":38},"end":{"line":66,"column":56}},"34":{"start":{"line":67,"column":4},"end":{"line":88,"column":null}},"35":{"start":{"line":69,"column":6},"end":{"line":69,"column":31}},"36":{"start":{"line":71,"column":19},"end":{"line":71,"column":65}},"37":{"start":{"line":73,"column":6},"end":{"line":79,"column":null}},"38":{"start":{"line":74,"column":8},"end":{"line":74,"column":34}},"39":{"start":{"line":75,"column":8},"end":{"line":75,"column":36}},"40":{"start":{"line":76,"column":8},"end":{"line":76,"column":39}},"41":{"start":{"line":78,"column":8},"end":{"line":78,"column":15}},"42":{"start":{"line":82,"column":19},"end":{"line":82,"column":50}},"43":{"start":{"line":83,"column":6},"end":{"line":83,"column":80}},"44":{"start":{"line":83,"column":42},"end":{"line":83,"column":69}},"45":{"start":{"line":85,"column":6},"end":{"line":85,"column":32}},"46":{"start":{"line":86,"column":6},"end":{"line":86,"column":35}},"47":{"start":{"line":87,"column":6},"end":{"line":87,"column":36}},"48":{"start":{"line":92,"column":4},"end":{"line":174,"column":6}},"49":{"start":{"line":178,"column":0},"end":{"line":178,"column":20}}},"fnMap":{"0":{"name":"(anonymous_8)","decl":{"start":{"line":26,"column":2},"end":{"line":26,"column":null}},"loc":{"start":{"line":26,"column":2},"end":{"line":34,"column":3}}},"1":{"name":"(anonymous_9)","decl":{"start":{"line":36,"column":2},"end":{"line":36,"column":8}},"loc":{"start":{"line":36,"column":8},"end":{"line":59,"column":3}}},"2":{"name":"(anonymous_10)","decl":{"start":{"line":43,"column":6},"end":{"line":43,"column":9}},"loc":{"start":{"line":43,"column":12},"end":{"line":43,"column":58}}},"3":{"name":"(anonymous_11)","decl":{"start":{"line":50,"column":6},"end":{"line":50,"column":9}},"loc":{"start":{"line":50,"column":12},"end":{"line":50,"column":58}}},"4":{"name":"(anonymous_12)","decl":{"start":{"line":53,"column":38},"end":{"line":53,"column":48}},"loc":{"start":{"line":53,"column":49},"end":{"line":58,"column":5}}},"5":{"name":"(anonymous_13)","decl":{"start":{"line":61,"column":8},"end":{"line":61,"column":25}},"loc":{"start":{"line":61,"column":68},"end":{"line":89,"column":null}}},"6":{"name":"(anonymous_15)","decl":{"start":{"line":83,"column":33},"end":{"line":83,"column":38}},"loc":{"start":{"line":83,"column":42},"end":{"line":83,"column":69}}},"7":{"name":"(anonymous_16)","decl":{"start":{"line":91,"column":2},"end":{"line":91,"column":8}},"loc":{"start":{"line":91,"column":8},"end":{"line":175,"column":3}}}},"branchMap":{"0":{"loc":{"start":{"line":43,"column":12},"end":{"line":43,"column":23}},"type":"binary-expr","locations":[{"start":{"line":43,"column":12},"end":{"line":43,"column":23}},{"start":{"line":43,"column":27},"end":{"line":43,"column":58}}]},"1":{"loc":{"start":{"line":50,"column":12},"end":{"line":50,"column":23}},"type":"binary-expr","locations":[{"start":{"line":50,"column":12},"end":{"line":50,"column":23}},{"start":{"line":50,"column":27},"end":{"line":50,"column":58}}]},"2":{"loc":{"start":{"line":54,"column":6},"end":{"line":56,"column":null}},"type":"if","locations":[{"start":{"line":54,"column":6},"end":{"line":56,"column":null}},{"start":{"line":54,"column":6},"end":{"line":56,"column":null}}]},"3":{"loc":{"start":{"line":54,"column":10},"end":{"line":54,"column":21}},"type":"binary-expr","locations":[{"start":{"line":54,"column":10},"end":{"line":54,"column":21}},{"start":{"line":54,"column":25},"end":{"line":54,"column":63}}]},"4":{"loc":{"start":{"line":62,"column":4},"end":{"line":64,"column":null}},"type":"if","locations":[{"start":{"line":62,"column":4},"end":{"line":64,"column":null}},{"start":{"line":62,"column":4},"end":{"line":64,"column":null}}]},"5":{"loc":{"start":{"line":67,"column":4},"end":{"line":88,"column":null}},"type":"if","locations":[{"start":{"line":67,"column":4},"end":{"line":88,"column":null}},{"start":{"line":67,"column":4},"end":{"line":88,"column":null}}]},"6":{"loc":{"start":{"line":67,"column":8},"end":{"line":67,"column":13}},"type":"binary-expr","locations":[{"start":{"line":67,"column":8},"end":{"line":67,"column":13}},{"start":{"line":67,"column":17},"end":{"line":67,"column":21}},{"start":{"line":67,"column":25},"end":{"line":67,"column":33}}]},"7":{"loc":{"start":{"line":73,"column":6},"end":{"line":79,"column":null}},"type":"if","locations":[{"start":{"line":73,"column":6},"end":{"line":79,"column":null}},{"start":{"line":73,"column":6},"end":{"line":79,"column":null}}]},"8":{"loc":{"start":{"line":73,"column":10},"end":{"line":73,"column":26}},"type":"binary-expr","locations":[{"start":{"line":73,"column":10},"end":{"line":73,"column":26}},{"start":{"line":73,"column":30},"end":{"line":73,"column":42}}]}},"s":{"0":2,"1":2,"2":2,"3":2,"4":2,"5":2,"6":2,"7":2,"8":2,"9":2,"10":2,"11":2,"12":2,"13":2,"14":2,"15":2,"16":2,"17":13,"18":13,"19":13,"20":13,"21":13,"22":13,"23":1,"24":13,"25":13,"26":1,"27":13,"28":16,"29":8,"30":8,"31":32,"32":12,"33":20,"34":20,"35":3,"36":3,"37":3,"38":2,"39":2,"40":2,"41":2,"42":1,"43":1,"44":1,"45":1,"46":1,"47":1,"48":13,"49":2},"f":{"0":13,"1":13,"2":1,"3":1,"4":16,"5":32,"6":1,"7":13},"b":{"0":[1,1],"1":[1,1],"2":[8,8],"3":[16,16],"4":[12,20],"5":[3,17],"6":[20,6,3],"7":[2,1],"8":[3,2]}}
,"/home/alexandre/projects/red-ventures/front-end-test/src/services/plantsService.ts": {"path":"/home/alexandre/projects/red-ventures/front-end-test/src/services/plantsService.ts","statementMap":{"0":{"start":{"line":3,"column":16},"end":{"line":3,"column":53}},"1":{"start":{"line":5,"column":22},"end":{"line":21,"column":2}},"2":{"start":{"line":11,"column":4},"end":{"line":19,"column":null}},"3":{"start":{"line":12,"column":23},"end":{"line":13,"column":null}},"4":{"start":{"line":16,"column":6},"end":{"line":16,"column":35}},"5":{"start":{"line":18,"column":6},"end":{"line":18,"column":17}},"6":{"start":{"line":23,"column":0},"end":{"line":23,"column":29}}},"fnMap":{"0":{"name":"(anonymous_7)","decl":{"start":{"line":6,"column":8},"end":{"line":6,"column":11}},"loc":{"start":{"line":9,"column":17},"end":{"line":20,"column":null}}}},"branchMap":{},"s":{"0":3,"1":3,"2":5,"3":5,"4":3,"5":2,"6":3},"f":{"0":5},"b":{}}
,"/home/alexandre/projects/red-ventures/front-end-test/src/store/Store.ts": {"path":"/home/alexandre/projects/red-ventures/front-end-test/src/store/Store.ts","statementMap":{"0":{"start":{"line":1,"column":0},"end":{"line":1,"column":49}},"1":{"start":{"line":2,"column":0},"end":{"line":2,"column":43}},"2":{"start":{"line":16,"column":4},"end":{"line":16,"column":31}},"3":{"start":{"line":17,"column":4},"end":{"line":17,"column":38}},"4":{"start":{"line":18,"column":4},"end":{"line":18,"column":25}},"5":{"start":{"line":19,"column":4},"end":{"line":19,"column":41}},"6":{"start":{"line":22,"column":4},"end":{"line":34,"column":7}},"7":{"start":{"line":25,"column":8},"end":{"line":25,"column":60}},"8":{"start":{"line":28,"column":8},"end":{"line":28,"column":65}},"9":{"start":{"line":30,"column":8},"end":{"line":30,"column":29}},"10":{"start":{"line":32,"column":8},"end":{"line":32,"column":20}},"11":{"start":{"line":38,"column":4},"end":{"line":38,"column":60}},"12":{"start":{"line":42,"column":4},"end":{"line":42,"column":52}},"13":{"start":{"line":52,"column":4},"end":{"line":54,"column":null}},"14":{"start":{"line":53,"column":6},"end":{"line":53,"column":13}},"15":{"start":{"line":56,"column":4},"end":{"line":56,"column":29}},"16":{"start":{"line":58,"column":21},"end":{"line":60,"column":null}},"17":{"start":{"line":64,"column":4},"end":{"line":64,"column":37}},"18":{"start":{"line":68,"column":0},"end":{"line":68,"column":21}}},"fnMap":{"0":{"name":"(anonymous_1)","decl":{"start":{"line":15,"column":2},"end":{"line":15,"column":14}},"loc":{"start":{"line":15,"column":62},"end":{"line":35,"column":3}}},"1":{"name":"(anonymous_2)","decl":{"start":{"line":23,"column":11},"end":{"line":23,"column":12}},"loc":{"start":{"line":23,"column":41},"end":{"line":33,"column":7}}},"2":{"name":"(anonymous_3)","decl":{"start":{"line":37,"column":2},"end":{"line":37,"column":23}},"loc":{"start":{"line":37,"column":23},"end":{"line":39,"column":3}}},"3":{"name":"(anonymous_4)","decl":{"start":{"line":41,"column":2},"end":{"line":41,"column":13}},"loc":{"start":{"line":41,"column":13},"end":{"line":43,"column":3}}},"4":{"name":"(anonymous_5)","decl":{"start":{"line":47,"column":2},"end":{"line":47,"column":10}},"loc":{"start":{"line":50,"column":15},"end":{"line":65,"column":3}}}},"branchMap":{"0":{"loc":{"start":{"line":52,"column":4},"end":{"line":54,"column":null}},"type":"if","locations":[{"start":{"line":52,"column":4},"end":{"line":54,"column":null}},{"start":{"line":52,"column":4},"end":{"line":54,"column":null}}]},"1":{"loc":{"start":{"line":52,"column":34},"end":{"line":52,"column":37}},"type":"cond-expr","locations":[{"start":{"line":52,"column":34},"end":{"line":52,"column":37}},{"start":{"line":52,"column":34},"end":{"line":52,"column":50}}]},"2":{"loc":{"start":{"line":52,"column":9},"end":{"line":52,"column":37}},"type":"binary-expr","locations":[{"start":{"line":52,"column":9},"end":{"line":52,"column":37}},{"start":{"line":52,"column":34},"end":{"line":52,"column":37}}]}},"s":{"0":8,"1":8,"2":11,"3":11,"4":11,"5":11,"6":11,"7":58,"8":58,"9":58,"10":58,"11":23,"12":22,"13":14,"14":1,"15":13,"16":13,"17":13,"18":8},"f":{"0":11,"1":58,"2":23,"3":22,"4":14},"b":{"0":[1,13],"1":[1,13],"2":[14,14]}}
,"/home/alexandre/projects/red-ventures/front-end-test/src/store/index.ts": {"path":"/home/alexandre/projects/red-ventures/front-end-test/src/store/index.ts","statementMap":{"0":{"start":{"line":1,"column":0},"end":{"line":1,"column":36}},"1":{"start":{"line":2,"column":0},"end":{"line":2,"column":28}},"2":{"start":{"line":3,"column":0},"end":{"line":3,"column":28}},"3":{"start":{"line":5,"column":14},"end":{"line":5,"column":45}},"4":{"start":{"line":7,"column":0},"end":{"line":7,"column":21}}},"fnMap":{},"branchMap":{},"s":{"0":7,"1":7,"2":7,"3":7,"4":7},"f":{},"b":{}}
,"/home/alexandre/projects/red-ventures/front-end-test/src/store/mutations/index.ts": {"path":"/home/alexandre/projects/red-ventures/front-end-test/src/store/mutations/index.ts","statementMap":{"0":{"start":{"line":1,"column":0},"end":{"line":1,"column":44}},"1":{"start":{"line":2,"column":0},"end":{"line":2,"column":44}},"2":{"start":{"line":4,"column":18},"end":{"line":7,"column":2}},"3":{"start":{"line":11,"column":0},"end":{"line":11,"column":25}}},"fnMap":{},"branchMap":{},"s":{"0":8,"1":8,"2":8,"3":8},"f":{},"b":{}}
,"/home/alexandre/projects/red-ventures/front-end-test/src/store/mutations/mainMutations.ts": {"path":"/home/alexandre/projects/red-ventures/front-end-test/src/store/mutations/mainMutations.ts","statementMap":{"0":{"start":{"line":3,"column":22},"end":{"line":27,"column":2}},"1":{"start":{"line":8,"column":4},"end":{"line":12,"column":null}},"2":{"start":{"line":29,"column":0},"end":{"line":29,"column":29}}},"fnMap":{"0":{"name":"(anonymous_0)","decl":{"start":{"line":4,"column":2},"end":{"line":4,"column":11}},"loc":{"start":{"line":6,"column":44},"end":{"line":15,"column":3}}}},"branchMap":{},"s":{"0":8,"1":11,"2":8},"f":{"0":11},"b":{}}
,"/home/alexandre/projects/red-ventures/front-end-test/src/store/mutations/testMutations.ts": {"path":"/home/alexandre/projects/red-ventures/front-end-test/src/store/mutations/testMutations.ts","statementMap":{"0":{"start":{"line":3,"column":22},"end":{"line":9,"column":2}},"1":{"start":{"line":5,"column":4},"end":{"line":7,"column":6}},"2":{"start":{"line":11,"column":0},"end":{"line":11,"column":29}}},"fnMap":{"0":{"name":"(anonymous_0)","decl":{"start":{"line":4,"column":2},"end":{"line":4,"column":8}},"loc":{"start":{"line":4,"column":25},"end":{"line":8,"column":3}}}},"branchMap":{},"s":{"0":8,"1":2,"2":8},"f":{"0":2},"b":{}}
,"/home/alexandre/projects/red-ventures/front-end-test/src/store/state/index.ts": {"path":"/home/alexandre/projects/red-ventures/front-end-test/src/store/state/index.ts","statementMap":{"0":{"start":{"line":1,"column":0},"end":{"line":1,"column":36}},"1":{"start":{"line":2,"column":0},"end":{"line":2,"column":36}},"2":{"start":{"line":4,"column":14},"end":{"line":7,"column":2}},"3":{"start":{"line":11,"column":0},"end":{"line":11,"column":21}}},"fnMap":{},"branchMap":{},"s":{"0":7,"1":7,"2":7,"3":7},"f":{},"b":{}}
,"/home/alexandre/projects/red-ventures/front-end-test/src/store/state/mainState.ts": {"path":"/home/alexandre/projects/red-ventures/front-end-test/src/store/state/mainState.ts","statementMap":{"0":{"start":{"line":5,"column":29},"end":{"line":7,"column":2}},"1":{"start":{"line":9,"column":0},"end":{"line":9,"column":25}}},"fnMap":{},"branchMap":{},"s":{"0":7,"1":7},"f":{},"b":{}}
,"/home/alexandre/projects/red-ventures/front-end-test/src/store/state/testState.ts": {"path":"/home/alexandre/projects/red-ventures/front-end-test/src/store/state/testState.ts","statementMap":{"0":{"start":{"line":5,"column":29},"end":{"line":7,"column":2}},"1":{"start":{"line":9,"column":0},"end":{"line":9,"column":25}}},"fnMap":{},"branchMap":{},"s":{"0":7,"1":7},"f":{},"b":{}}
,"/home/alexandre/projects/red-ventures/front-end-test/src/utils/base64.ts": {"path":"/home/alexandre/projects/red-ventures/front-end-test/src/utils/base64.ts","statementMap":{"0":{"start":{"line":3,"column":22},"end":{"line":11,"column":1}},"1":{"start":{"line":4,"column":22},"end":{"line":4,"column":43}},"2":{"start":{"line":6,"column":2},"end":{"line":8,"column":null}},"3":{"start":{"line":7,"column":4},"end":{"line":7,"column":60}},"4":{"start":{"line":10,"column":2},"end":{"line":10,"column":57}},"5":{"start":{"line":3,"column":13},"end":{"line":3,"column":22}},"6":{"start":{"line":13,"column":22},"end":{"line":19,"column":1}},"7":{"start":{"line":14,"column":2},"end":{"line":18,"column":null}},"8":{"start":{"line":15,"column":4},"end":{"line":15,"column":70}},"9":{"start":{"line":17,"column":4},"end":{"line":17,"column":60}},"10":{"start":{"line":13,"column":13},"end":{"line":13,"column":22}}},"fnMap":{"0":{"name":"(anonymous_0)","decl":{"start":{"line":3,"column":22},"end":{"line":3,"column":26}},"loc":{"start":{"line":3,"column":59},"end":{"line":11,"column":1}}},"1":{"name":"(anonymous_1)","decl":{"start":{"line":13,"column":22},"end":{"line":13,"column":46}},"loc":{"start":{"line":13,"column":66},"end":{"line":19,"column":1}}}},"branchMap":{"0":{"loc":{"start":{"line":6,"column":2},"end":{"line":8,"column":null}},"type":"if","locations":[{"start":{"line":6,"column":2},"end":{"line":8,"column":null}},{"start":{"line":6,"column":2},"end":{"line":8,"column":null}}]}},"s":{"0":4,"1":121,"2":121,"3":1,"4":120,"5":4,"6":4,"7":6,"8":6,"9":1,"10":4},"f":{"0":121,"1":6},"b":{"0":[1,120]}}
,"/home/alexandre/projects/red-ventures/front-end-test/src/utils/deepClone.ts": {"path":"/home/alexandre/projects/red-ventures/front-end-test/src/utils/deepClone.ts","statementMap":{"0":{"start":{"line":7,"column":2},"end":{"line":7,"column":58}},"1":{"start":{"line":7,"column":47},"end":{"line":7,"column":58}},"2":{"start":{"line":11,"column":2},"end":{"line":22,"column":null}},"3":{"start":{"line":12,"column":4},"end":{"line":12,"column":30}},"4":{"start":{"line":13,"column":9},"end":{"line":22,"column":null}},"5":{"start":{"line":14,"column":4},"end":{"line":14,"column":32}},"6":{"start":{"line":16,"column":4},"end":{"line":21,"column":null}},"7":{"start":{"line":17,"column":6},"end":{"line":17,"column":31}},"8":{"start":{"line":20,"column":6},"end":{"line":20,"column":75}},"9":{"start":{"line":24,"column":2},"end":{"line":26,"column":null}},"10":{"start":{"line":25,"column":4},"end":{"line":25,"column":36}},"11":{"start":{"line":28,"column":2},"end":{"line":28,"column":14}},"12":{"start":{"line":31,"column":0},"end":{"line":31,"column":25}}},"fnMap":{"0":{"name":"deepClone","decl":{"start":{"line":6,"column":9},"end":{"line":6,"column":18}},"loc":{"start":{"line":6,"column":59},"end":{"line":29,"column":1}}}},"branchMap":{"0":{"loc":{"start":{"line":7,"column":2},"end":{"line":7,"column":58}},"type":"if","locations":[{"start":{"line":7,"column":2},"end":{"line":7,"column":58}},{"start":{"line":7,"column":2},"end":{"line":7,"column":58}}]},"1":{"loc":{"start":{"line":7,"column":6},"end":{"line":7,"column":18}},"type":"binary-expr","locations":[{"start":{"line":7,"column":6},"end":{"line":7,"column":18}},{"start":{"line":7,"column":22},"end":{"line":7,"column":45}}]},"2":{"loc":{"start":{"line":11,"column":2},"end":{"line":22,"column":null}},"type":"if","locations":[{"start":{"line":11,"column":2},"end":{"line":22,"column":null}},{"start":{"line":11,"column":2},"end":{"line":22,"column":null}}]},"3":{"loc":{"start":{"line":13,"column":9},"end":{"line":22,"column":null}},"type":"if","locations":[{"start":{"line":13,"column":9},"end":{"line":22,"column":null}},{"start":{"line":13,"column":9},"end":{"line":22,"column":null}}]}},"s":{"0":185,"1":47,"2":138,"3":2,"4":136,"5":2,"6":134,"7":134,"8":1,"9":138,"10":147,"11":138,"12":9},"f":{"0":185},"b":{"0":[47,138],"1":[185,184],"2":[2,136],"3":[2,134]}}
,"/home/alexandre/projects/red-ventures/front-end-test/src/utils/genId.ts": {"path":"/home/alexandre/projects/red-ventures/front-end-test/src/utils/genId.ts","statementMap":{"0":{"start":{"line":5,"column":14},"end":{"line":6,"column":75}},"1":{"start":{"line":6,"column":2},"end":{"line":6,"column":75}},"2":{"start":{"line":8,"column":0},"end":{"line":8,"column":21}}},"fnMap":{"0":{"name":"(anonymous_0)","decl":{"start":{"line":5,"column":14},"end":{"line":5,"column":17}},"loc":{"start":{"line":6,"column":2},"end":{"line":6,"column":75}}}},"branchMap":{},"s":{"0":7,"1":83,"2":7},"f":{"0":83},"b":{}}
,"/home/alexandre/projects/red-ventures/front-end-test/src/utils/testUtils.ts": {"path":"/home/alexandre/projects/red-ventures/front-end-test/src/utils/testUtils.ts","statementMap":{"0":{"start":{"line":1,"column":0},"end":{"line":1,"column":64}},"1":{"start":{"line":2,"column":0},"end":{"line":2,"column":29}},"2":{"start":{"line":4,"column":18},"end":{"line":4,"column":51}},"3":{"start":{"line":36,"column":9},"end":{"line":36,"column":18}},"4":{"start":{"line":6,"column":16},"end":{"line":18,"column":1}},"5":{"start":{"line":8,"column":2},"end":{"line":8,"column":23}},"6":{"start":{"line":11,"column":2},"end":{"line":13,"column":null}},"7":{"start":{"line":12,"column":4},"end":{"line":12,"column":56}},"8":{"start":{"line":16,"column":2},"end":{"line":16,"column":32}},"9":{"start":{"line":17,"column":2},"end":{"line":17,"column":22}},"10":{"start":{"line":36,"column":20},"end":{"line":36,"column":27}},"11":{"start":{"line":20,"column":22},"end":{"line":26,"column":1}},"12":{"start":{"line":23,"column":2},"end":{"line":25,"column":18}},"13":{"start":{"line":24,"column":26},"end":{"line":24,"column":53}},"14":{"start":{"line":36,"column":29},"end":{"line":36,"column":42}},"15":{"start":{"line":28,"column":23},"end":{"line":33,"column":1}},"16":{"start":{"line":29,"column":2},"end":{"line":32,"column":5}},"17":{"start":{"line":36,"column":44},"end":{"line":36,"column":58}}},"fnMap":{"0":{"name":"(anonymous_1)","decl":{"start":{"line":6,"column":16},"end":{"line":6,"column":19}},"loc":{"start":{"line":6,"column":21},"end":{"line":18,"column":1}}},"1":{"name":"(anonymous_2)","decl":{"start":{"line":20,"column":22},"end":{"line":20,"column":null}},"loc":{"start":{"line":22,"column":4},"end":{"line":26,"column":1}}},"2":{"name":"(anonymous_3)","decl":{"start":{"line":24,"column":16},"end":{"line":24,"column":22}},"loc":{"start":{"line":24,"column":26},"end":{"line":24,"column":53}}},"3":{"name":"(anonymous_4)","decl":{"start":{"line":28,"column":23},"end":{"line":28,"column":27}},"loc":{"start":{"line":28,"column":72},"end":{"line":33,"column":1}}}},"branchMap":{},"s":{"0":5,"1":5,"2":5,"3":5,"4":5,"5":22,"6":22,"7":15,"8":22,"9":22,"10":5,"11":5,"12":8,"13":18,"14":5,"15":5,"16":4,"17":5},"f":{"0":22,"1":8,"2":18,"3":4},"b":{}}
,"/home/alexandre/projects/red-ventures/front-end-test/src/utils/dom/scrollTo.ts": {"path":"/home/alexandre/projects/red-ventures/front-end-test/src/utils/dom/scrollTo.ts","statementMap":{"0":{"start":{"line":2,"column":2},"end":{"line":2,"column":38}},"1":{"start":{"line":3,"column":2},"end":{"line":3,"column":49}},"2":{"start":{"line":1,"column":0},"end":{"line":1,"column":16}}},"fnMap":{"0":{"name":"scrollTo","decl":{"start":{"line":1,"column":16},"end":{"line":1,"column":24}},"loc":{"start":{"line":1,"column":42},"end":{"line":4,"column":1}}}},"branchMap":{},"s":{"0":4,"1":4,"2":3},"f":{"0":4},"b":{}}
,"/home/alexandre/projects/red-ventures/front-end-test/src/utils/typeValidators/isApiError.ts": {"path":"/home/alexandre/projects/red-ventures/front-end-test/src/utils/typeValidators/isApiError.ts","statementMap":{"0":{"start":{"line":8,"column":19},"end":{"line":10,"column":1}},"1":{"start":{"line":9,"column":2},"end":{"line":9,"column":73}},"2":{"start":{"line":12,"column":0},"end":{"line":12,"column":26}}},"fnMap":{"0":{"name":"(anonymous_0)","decl":{"start":{"line":8,"column":19},"end":{"line":8,"column":20}},"loc":{"start":{"line":8,"column":51},"end":{"line":10,"column":1}}}},"branchMap":{"0":{"loc":{"start":{"line":9,"column":9},"end":{"line":9,"column":33}},"type":"binary-expr","locations":[{"start":{"line":9,"column":9},"end":{"line":9,"column":33}},{"start":{"line":9,"column":37},"end":{"line":9,"column":52}},{"start":{"line":9,"column":56},"end":{"line":9,"column":72}}]}},"s":{"0":3,"1":12,"2":3},"f":{"0":12},"b":{"0":[12,6,2]}}
,"/home/alexandre/projects/red-ventures/front-end-test/src/utils/typeValidators/isKeyOfCombinedStates.ts": {"path":"/home/alexandre/projects/red-ventures/front-end-test/src/utils/typeValidators/isKeyOfCombinedStates.ts","statementMap":{"0":{"start":{"line":9,"column":30},"end":{"line":14,"column":1}},"1":{"start":{"line":13,"column":2},"end":{"line":13,"column":25}},"2":{"start":{"line":16,"column":0},"end":{"line":16,"column":37}}},"fnMap":{"0":{"name":"(anonymous_0)","decl":{"start":{"line":9,"column":30},"end":{"line":9,"column":null}},"loc":{"start":{"line":12,"column":38},"end":{"line":14,"column":1}}}},"branchMap":{},"s":{"0":1,"1":2,"2":1},"f":{"0":2},"b":{}}
}
