TN:
SF:src/App.ts
FN:7,(anonymous_1)
FNF:1
FNH:1
FNDA:2,(anonymous_1)
DA:1,1
DA:2,1
DA:3,1
DA:5,1
DA:7,1
DA:8,2
DA:9,2
DA:10,2
DA:13,2
DA:16,2
DA:19,1
LF:11
LH:11
BRF:0
BRH:0
end_of_record
TN:
SF:src/components/Filter/index.ts
FN:27,(anonymous_1)
FN:37,(anonymous_2)
FN:47,(anonymous_3)
FN:57,(anonymous_4)
FN:58,(anonymous_5)
FN:75,(anonymous_6)
FN:94,(anonymous_7)
FN:139,(anonymous_8)
FNF:8
FNH:8
FNDA:43,(anonymous_1)
FNDA:10,(anonymous_2)
FNDA:5,(anonymous_3)
FNDA:28,(anonymous_4)
FNDA:1,(anonymous_5)
FNDA:14,(anonymous_6)
FNDA:43,(anonymous_7)
FNDA:116,(anonymous_8)
DA:1,3
DA:2,3
DA:3,3
DA:5,3
DA:28,43
DA:30,43
DA:31,43
DA:32,43
DA:33,43
DA:34,43
DA:38,10
DA:39,10
DA:42,10
DA:43,10
DA:44,10
DA:45,10
DA:47,10
DA:48,5
DA:49,5
DA:53,10
DA:56,10
DA:58,28
DA:59,1
DA:60,1
DA:62,1
DA:64,1
DA:69,1
DA:75,10
DA:77,14
DA:78,11
DA:81,3
DA:83,3
DA:85,1
DA:89,2
DA:90,2
DA:95,43
DA:139,116
DA:159,3
LF:38
LH:38
BRDA:77,0,0,11
BRDA:77,0,1,3
BRDA:83,1,0,1
BRDA:83,1,1,2
BRF:4
BRH:4
end_of_record
TN:
SF:src/components/GridItem/index.ts
FN:37,(anonymous_1)
FN:49,(anonymous_2)
FNF:2
FNH:2
FNDA:3,(anonymous_1)
FNDA:3,(anonymous_2)
DA:1,3
DA:4,3
DA:5,3
DA:6,3
DA:7,3
DA:8,3
DA:9,3
DA:10,3
DA:11,3
DA:13,3
DA:15,3
DA:38,3
DA:40,3
DA:41,3
DA:42,3
DA:43,3
DA:44,3
DA:45,3
DA:46,3
DA:50,3
DA:76,3
LF:21
LH:21
BRDA:51,0,0,2
BRDA:51,0,1,1
BRF:2
BRH:2
end_of_record
TN:
SF:src/components/Spinner/index.ts
FN:12,(anonymous_1)
FN:18,(anonymous_2)
FNF:2
FNH:2
FNDA:16,(anonymous_1)
FNDA:16,(anonymous_2)
DA:1,3
DA:3,3
DA:13,16
DA:15,16
DA:19,16
DA:25,3
LF:6
LH:6
BRDA:12,0,0,15
BRDA:20,1,0,1
BRDA:20,1,1,15
BRDA:20,2,0,16
BRDA:20,2,1,16
BRF:5
BRH:5
end_of_record
TN:
SF:src/lib/Component.ts
FN:19,(anonymous_1)
FN:34,(anonymous_2)
FN:37,(anonymous_3)
FN:43,(anonymous_4)
FNF:4
FNH:4
FNDA:83,(anonymous_1)
FNDA:10,(anonymous_2)
FNDA:82,(anonymous_3)
FNDA:10,(anonymous_4)
DA:2,7
DA:3,7
DA:20,83
DA:21,83
DA:24,83
DA:34,83
DA:38,82
DA:39,82
DA:40,82
DA:44,10
DA:46,10
DA:48,9
DA:49,1
DA:53,8
DA:56,1
DA:60,7
LF:16
LH:16
BRDA:19,0,0,82
BRDA:19,1,0,83
BRDA:20,2,0,1
BRDA:20,2,1,82
BRDA:20,3,0,83
BRDA:20,3,1,83
BRDA:34,4,0,2
BRDA:34,4,1,8
BRDA:34,5,0,10
BRDA:34,5,1,10
BRDA:46,6,0,9
BRDA:46,6,1,1
BRDA:48,7,0,1
BRDA:48,7,1,8
BRDA:53,8,0,7
BRDA:53,8,1,1
BRDA:53,9,0,8
BRDA:53,9,1,7
BRF:18
BRH:18
end_of_record
TN:
SF:src/lib/EventListener.ts
FN:9,(anonymous_0)
FN:18,(anonymous_1)
FN:31,(anonymous_2)
FN:36,(anonymous_3)
FNF:4
FNH:4
FNDA:34,(anonymous_0)
FNDA:100,(anonymous_1)
FNDA:62,(anonymous_2)
FNDA:45,(anonymous_3)
DA:10,34
DA:19,100
DA:20,40
DA:23,100
DA:32,62
DA:33,26
DA:36,45
DA:40,9
LF:8
LH:8
BRDA:19,0,0,40
BRDA:19,0,1,60
BRDA:32,1,0,26
BRDA:32,1,1,36
BRF:4
BRH:4
end_of_record
TN:
SF:src/lib/utils/render.ts
FN:3,(anonymous_0)
FNF:1
FNH:1
FNDA:75,(anonymous_0)
DA:3,5
DA:7,75
DA:9,75
DA:10,20
DA:11,20
DA:14,55
DA:17,5
LF:7
LH:7
BRDA:7,0,0,1
BRDA:7,0,1,74
BRDA:7,1,0,75
BRDA:7,1,1,75
BRDA:9,2,0,20
BRDA:9,2,1,55
BRF:6
BRH:6
end_of_record
TN:
SF:src/lib/utils/toggle.ts
FN:7,(anonymous_0)
FN:16,(anonymous_1)
FN:17,(anonymous_2)
FNF:3
FNH:3
FNDA:39,(anonymous_0)
FNDA:17,(anonymous_1)
FNDA:36,(anonymous_2)
DA:7,3
DA:12,39
DA:14,39
DA:16,38
DA:17,38
DA:19,38
DA:21,2
DA:23,18
DA:24,7
DA:26,11
DA:28,18
DA:29,8
DA:31,10
DA:35,3
LF:14
LH:14
BRDA:12,0,0,30
BRDA:12,0,1,9
BRDA:14,1,0,1
BRDA:14,1,1,38
BRDA:20,2,0,2
BRDA:20,2,1,18
BRDA:20,2,2,18
BRDA:23,3,0,7
BRDA:23,3,1,11
BRDA:28,4,0,8
BRDA:28,4,1,10
BRF:11
BRH:11
end_of_record
TN:
SF:src/pages/Main/filtersData.ts
FNF:0
FNH:0
DA:2,2
DA:3,2
DA:4,2
DA:6,2
DA:20,2
DA:34,2
LF:6
LH:6
BRF:0
BRH:0
end_of_record
TN:
SF:src/pages/Main/index.ts
FN:26,(anonymous_8)
FN:36,(anonymous_9)
FN:43,(anonymous_10)
FN:50,(anonymous_11)
FN:53,(anonymous_12)
FN:61,(anonymous_13)
FN:83,(anonymous_15)
FN:91,(anonymous_16)
FNF:8
FNH:8
FNDA:13,(anonymous_8)
FNDA:13,(anonymous_9)
FNDA:1,(anonymous_10)
FNDA:1,(anonymous_11)
FNDA:16,(anonymous_12)
FNDA:32,(anonymous_13)
FNDA:1,(anonymous_15)
FNDA:13,(anonymous_16)
DA:1,2
DA:2,2
DA:3,2
DA:5,2
DA:6,2
DA:8,2
DA:9,2
DA:10,2
DA:11,2
DA:12,2
DA:14,2
DA:16,2
DA:17,2
DA:18,2
DA:19,2
DA:20,2
DA:22,2
DA:27,13
DA:30,13
DA:33,13
DA:37,13
DA:40,13
DA:41,13
DA:43,1
DA:47,13
DA:48,13
DA:50,1
DA:53,13
DA:54,16
DA:55,8
DA:57,8
DA:62,32
DA:63,12
DA:66,20
DA:67,20
DA:69,3
DA:71,3
DA:73,3
DA:74,2
DA:75,2
DA:76,2
DA:78,2
DA:82,1
DA:83,1
DA:85,1
DA:86,1
DA:87,1
DA:92,13
DA:178,2
LF:49
LH:49
BRDA:43,0,0,1
BRDA:43,0,1,1
BRDA:50,1,0,1
BRDA:50,1,1,1
BRDA:54,2,0,8
BRDA:54,2,1,8
BRDA:54,3,0,16
BRDA:54,3,1,16
BRDA:62,4,0,12
BRDA:62,4,1,20
BRDA:67,5,0,3
BRDA:67,5,1,17
BRDA:67,6,0,20
BRDA:67,6,1,6
BRDA:67,6,2,3
BRDA:73,7,0,2
BRDA:73,7,1,1
BRDA:73,8,0,3
BRDA:73,8,1,2
BRF:19
BRH:19
end_of_record
TN:
SF:src/services/plantsService.ts
FN:6,(anonymous_7)
FNF:1
FNH:1
FNDA:5,(anonymous_7)
DA:3,3
DA:5,3
DA:11,5
DA:12,5
DA:16,3
DA:18,2
DA:23,3
LF:7
LH:7
BRF:0
BRH:0
end_of_record
TN:
SF:src/store/Store.ts
FN:15,(anonymous_1)
FN:23,(anonymous_2)
FN:37,(anonymous_3)
FN:41,(anonymous_4)
FN:47,(anonymous_5)
FNF:5
FNH:5
FNDA:11,(anonymous_1)
FNDA:58,(anonymous_2)
FNDA:23,(anonymous_3)
FNDA:22,(anonymous_4)
FNDA:14,(anonymous_5)
DA:1,8
DA:2,8
DA:16,11
DA:17,11
DA:18,11
DA:19,11
DA:22,11
DA:25,58
DA:28,58
DA:30,58
DA:32,58
DA:38,23
DA:42,22
DA:52,14
DA:53,1
DA:56,13
DA:58,13
DA:64,13
DA:68,8
LF:19
LH:19
BRDA:52,0,0,1
BRDA:52,0,1,13
BRDA:52,1,0,1
BRDA:52,1,1,13
BRDA:52,2,0,14
BRDA:52,2,1,14
BRF:6
BRH:6
end_of_record
TN:
SF:src/store/index.ts
FNF:0
FNH:0
DA:1,7
DA:2,7
DA:3,7
DA:5,7
DA:7,7
LF:5
LH:5
BRF:0
BRH:0
end_of_record
TN:
SF:src/store/mutations/index.ts
FNF:0
FNH:0
DA:1,8
DA:2,8
DA:4,8
DA:11,8
LF:4
LH:4
BRF:0
BRH:0
end_of_record
TN:
SF:src/store/mutations/mainMutations.ts
FN:4,(anonymous_0)
FNF:1
FNH:1
FNDA:11,(anonymous_0)
DA:3,8
DA:8,11
DA:29,8
LF:3
LH:3
BRF:0
BRH:0
end_of_record
TN:
SF:src/store/mutations/testMutations.ts
FN:4,(anonymous_0)
FNF:1
FNH:1
FNDA:2,(anonymous_0)
DA:3,8
DA:5,2
DA:11,8
LF:3
LH:3
BRF:0
BRH:0
end_of_record
TN:
SF:src/store/state/index.ts
FNF:0
FNH:0
DA:1,7
DA:2,7
DA:4,7
DA:11,7
LF:4
LH:4
BRF:0
BRH:0
end_of_record
TN:
SF:src/store/state/mainState.ts
FNF:0
FNH:0
DA:5,7
DA:9,7
LF:2
LH:2
BRF:0
BRH:0
end_of_record
TN:
SF:src/store/state/testState.ts
FNF:0
FNH:0
DA:5,7
DA:9,7
LF:2
LH:2
BRF:0
BRH:0
end_of_record
TN:
SF:src/utils/base64.ts
FN:3,(anonymous_0)
FN:13,(anonymous_1)
FNF:2
FNH:2
FNDA:121,(anonymous_0)
FNDA:6,(anonymous_1)
DA:3,4
DA:4,121
DA:6,121
DA:7,1
DA:10,120
DA:13,4
DA:14,6
DA:15,6
DA:17,1
LF:9
LH:9
BRDA:6,0,0,1
BRDA:6,0,1,120
BRF:2
BRH:2
end_of_record
TN:
SF:src/utils/deepClone.ts
FN:6,deepClone
FNF:1
FNH:1
FNDA:185,deepClone
DA:7,185
DA:11,138
DA:12,2
DA:13,136
DA:14,2
DA:16,134
DA:17,134
DA:20,1
DA:24,138
DA:25,147
DA:28,138
DA:31,9
LF:12
LH:12
BRDA:7,0,0,47
BRDA:7,0,1,138
BRDA:7,1,0,185
BRDA:7,1,1,184
BRDA:11,2,0,2
BRDA:11,2,1,136
BRDA:13,3,0,2
BRDA:13,3,1,134
BRF:8
BRH:8
end_of_record
TN:
SF:src/utils/genId.ts
FN:5,(anonymous_0)
FNF:1
FNH:1
FNDA:83,(anonymous_0)
DA:5,7
DA:6,83
DA:8,7
LF:3
LH:3
BRF:0
BRH:0
end_of_record
TN:
SF:src/utils/testUtils.ts
FN:6,(anonymous_1)
FN:20,(anonymous_2)
FN:24,(anonymous_3)
FN:28,(anonymous_4)
FNF:4
FNH:4
FNDA:22,(anonymous_1)
FNDA:8,(anonymous_2)
FNDA:18,(anonymous_3)
FNDA:4,(anonymous_4)
DA:1,5
DA:2,5
DA:4,5
DA:6,5
DA:8,22
DA:11,22
DA:12,15
DA:16,22
DA:17,22
DA:20,5
DA:23,8
DA:24,18
DA:28,5
DA:29,4
DA:36,5
LF:15
LH:15
BRF:0
BRH:0
end_of_record
TN:
SF:src/utils/dom/scrollTo.ts
FN:1,scrollTo
FNF:1
FNH:1
FNDA:4,scrollTo
DA:1,3
DA:2,4
DA:3,4
LF:3
LH:3
BRF:0
BRH:0
end_of_record
TN:
SF:src/utils/typeValidators/isApiError.ts
FN:8,(anonymous_0)
FNF:1
FNH:1
FNDA:12,(anonymous_0)
DA:8,3
DA:9,12
DA:12,3
LF:3
LH:3
BRDA:9,0,0,12
BRDA:9,0,1,6
BRDA:9,0,2,2
BRF:3
BRH:3
end_of_record
TN:
SF:src/utils/typeValidators/isKeyOfCombinedStates.ts
FN:9,(anonymous_0)
FNF:1
FNH:1
FNDA:2,(anonymous_0)
DA:9,1
DA:13,2
DA:16,1
LF:3
LH:3
BRF:0
BRH:0
end_of_record
